<?xml version="1.0" encoding="UTF-8"?>
<testsuite xmlns:xsi="http://www.w3.org/2001/XMLSchema-instance" xsi:noNamespaceSchemaLocation="https://maven.apache.org/surefire/maven-surefire-plugin/xsd/surefire-test-report-3.0.xsd" version="3.0" name="com.senior.app.AppApplicationTests" time="15.257" tests="1" errors="0" skipped="0" failures="0">
  <properties>
[...]
</properties>
  <testcase name="contextLoads" classname="com.senior.app.AppApplicationTests" time="1.156">
    <system-out><![CDATA[14:45:25.791 [main] INFO org.springframework.test.context.support.AnnotationConfigContextLoaderUtils -- Could not detect default configuration classes for test class [com.senior.app.AppApplicationTests]: AppApplicationTests does not declare any static, non-private, non-final, nested classes annotated with @Configuration.
14:45:26.109 [main] INFO org.springframework.boot.test.context.SpringBootTestContextBootstrapper -- Found @SpringBootConfiguration com.senior.AppApplication for test class com.senior.app.AppApplicationTests

  .   ____          _            __ _ _
 /\\ / ___'_ __ _ _(_)_ __  __ _ \ \ \ \
( ( )\___ | '_ | '_| | '_ \/ _` | \ \ \ \
 \\/  ___)| |_)| | | | | || (_| |  ) ) ) )
  '  |____| .__|_| |_|_| |_\__, | / / / /
 =========|_|==============|___/=/_/_/_/
 :: Spring Boot ::                (v3.2.2)

2024-02-16T14:45:27.250-03:00  INFO 9312 --- [           main] com.senior.app.AppApplicationTests       : Starting AppApplicationTests using Java 17.0.10 with PID 9312 (started by 1513 X-MXTI in C:\Users\1513 X-MXTI\Documents\Senior\Git\TesteSenior\senior-test-artur)
2024-02-16T14:45:27.254-03:00  INFO 9312 --- [           main] com.senior.app.AppApplicationTests       : No active profile set, falling back to 1 default profile: "default"
2024-02-16T14:45:29.258-03:00  INFO 9312 --- [           main] .s.d.r.c.RepositoryConfigurationDelegate : Bootstrapping Spring Data JPA repositories in DEFAULT mode.
2024-02-16T14:45:29.295-03:00  INFO 9312 --- [           main] .s.d.r.c.RepositoryConfigurationDelegate : Finished Spring Data repository scanning in 14 ms. Found 0 JPA repository interfaces.
2024-02-16T14:45:30.775-03:00  WARN 9312 --- [           main] trationDelegate$BeanPostProcessorChecker : Bean 'com.senior-com.senior.app.ApplicationProperties' of type [com.senior.app.ApplicationProperties] is not eligible for getting processed by all BeanPostProcessors (for example: not eligible for auto-proxying). Is this bean getting eagerly injected into a currently created BeanPostProcessor [exceptionTranslation]? Check the corresponding BeanPostProcessor declaration and its dependencies.
2024-02-16T14:45:30.777-03:00  WARN 9312 --- [           main] trationDelegate$BeanPostProcessorChecker : Bean 'applicationConfig' of type [com.senior.app.ApplicationConfig$$SpringCGLIB$$0] is not eligible for getting processed by all BeanPostProcessors (for example: not eligible for auto-proxying). The currently created BeanPostProcessor [exceptionTranslation] is declared through a non-static factory method on that class; consider declaring it as static instead.
2024-02-16T14:45:31.601-03:00  INFO 9312 --- [           main] o.hibernate.jpa.internal.util.LogHelper  : HHH000204: Processing PersistenceUnitInfo [name: default]
2024-02-16T14:45:31.821-03:00  INFO 9312 --- [           main] org.hibernate.Version                    : HHH000412: Hibernate ORM core version 6.4.1.Final
2024-02-16T14:45:31.946-03:00  INFO 9312 --- [           main] o.h.c.internal.RegionFactoryInitiator    : HHH000026: Second-level cache disabled
2024-02-16T14:45:32.889-03:00  INFO 9312 --- [           main] o.s.o.j.p.SpringPersistenceUnitInfo      : No LoadTimeWeaver setup: ignoring JPA class transformer
2024-02-16T14:45:33.357-03:00  WARN 9312 --- [           main] org.hibernate.orm.deprecation            : HHH90000025: PostgreSQLDialect does not need to be specified explicitly using 'hibernate.dialect' (remove the property setting and it will be selected by default)
2024-02-16T14:45:35.917-03:00  INFO 9312 --- [           main] o.h.e.t.j.p.i.JtaPlatformInitiator       : HHH000489: No JTA platform available (set 'hibernate.transaction.jta.platform' to enable JTA platform integration)
2024-02-16T14:45:35.926-03:00  INFO 9312 --- [           main] j.LocalContainerEntityManagerFactoryBean : Initialized JPA EntityManagerFactory for persistence unit 'default'
2024-02-16T14:45:37.117-03:00  WARN 9312 --- [           main] JpaBaseConfiguration$JpaWebConfiguration : spring.jpa.open-in-view is enabled by default. Therefore, database queries may be performed during view rendering. Explicitly configure spring.jpa.open-in-view to disable this warning
2024-02-16T14:45:39.128-03:00  INFO 9312 --- [           main] o.s.b.a.e.web.EndpointLinksResolver      : Exposing 1 endpoint(s) beneath base path '/actuator'
2024-02-16T14:45:39.275-03:00  INFO 9312 --- [           main] com.senior.app.AppApplicationTests       : Started AppApplicationTests in 12.719 seconds (process running for 15.631)
]]></system-out>
  </testcase>
</testsuite>